<?xml version="1.0" encoding="UTF-8"?>
<!-- Generated by org.testng.reporters.JUnitReportReporter -->
<testsuite hostname="DESKTOP-0COLBEM" failures="0" tests="1" name="HomePageTest" time="2.609" errors="0" timestamp="2023-07-06T17:48:20 IST" skipped="0">
  <testcase classname="HomePageTest" name="FbLogin" time="2.609"/>
  <system-out/>
</testsuite> <!-- HomePageTest -->
