<?xml version="1.0" encoding="UTF-8"?>
<!-- Generated by org.testng.reporters.JUnitReportReporter -->
<testsuite hostname="DESKTOP-0COLBEM" failures="0" tests="1" name="BaseClassTest" time="55.451" errors="0" timestamp="2023-07-23T23:29:44 IST" skipped="0">
  <testcase classname="BaseClassTest" name="LaunchBrowser" time="55.451"/>
  <system-out/>
</testsuite> <!-- BaseClassTest -->
